#
# There is insufficient memory for the Java Runtime Environment to continue.
# Native memory allocation (mmap) failed to map 266338304 bytes for Failed to commit area from 0x0000000703600000 to 0x0000000713400000 of length 266338304.
# Possible reasons:
#   The system is out of physical RAM or swap space
#   The process is running with CompressedOops enabled, and the Java Heap may be blocking the growth of the native heap
# Possible solutions:
#   Reduce memory load on the system
#   Increase physical memory or swap space
#   Check if swap backing store is full
#   Decrease Java heap size (-Xmx/-Xms)
#   Decrease number of Java threads
#   Decrease Java thread stack sizes (-Xss)
#   Set larger code cache with -XX:ReservedCodeCacheSize=
#   JVM is running with Zero Based Compressed Oops mode in which the Java heap is
#     placed in the first 32GB address space. The Java Heap base address is the
#     maximum limit for the native heap growth. Please use -XX:HeapBaseMinAddress
#     to set the Java Heap base and to place the Java Heap above 32GB virtual address.
# This output file may be truncated or incomplete.
#
#  Out of Memory Error (./open/src/hotspot/os/windows/os_windows.cpp:3315), pid=28320, tid=24916
#
# JRE version:  (14.0.2+12) (build )
# Java VM: OpenJDK 64-Bit Server VM (14.0.2+12-46, mixed mode, sharing, tiered, compressed oops, g1 gc, windows-amd64)
# No core dump will be written. Minidumps are not enabled by default on client versions of Windows
#

---------------  S U M M A R Y ------------

Command Line: -Dfile.encoding=Cp1252 -XX:+ShowCodeDetailsInExceptionMessages progetto.sudoku.Application

Host: Intel(R) Core(TM) i7-1065G7 CPU @ 1.30GHz, 8 cores, 15G,  Windows 10 , 64 bit Build 19041 (10.0.19041.662)
Time: Sun Dec 27 00:12:06 2020 ora solare Europa occidentale elapsed time: 0 seconds (0d 0h 0m 0s)

---------------  T H R E A D  ---------------

Current thread (0x0000013b2aa1f800):  JavaThread "Unknown thread" [_thread_in_vm, id=24916, stack(0x0000000fa2b00000,0x0000000fa2c00000)]

Stack: [0x0000000fa2b00000,0x0000000fa2c00000]
Native frames: (J=compiled Java code, j=interpreted, Vv=VM code, C=native code)
V  [jvm.dll+0x5f8a9a]
V  [jvm.dll+0x74247a]
V  [jvm.dll+0x743c2f]
V  [jvm.dll+0x744273]
V  [jvm.dll+0x20d288]
V  [jvm.dll+0x5f5dea]
V  [jvm.dll+0x5eac45]
V  [jvm.dll+0x2c7e9c]
V  [jvm.dll+0x2c7cd2]
V  [jvm.dll+0x2cdbbc]
V  [jvm.dll+0x313fe8]
V  [jvm.dll+0x313710]
V  [jvm.dll+0x2a092a]
V  [jvm.dll+0x2a1a79]
V  [jvm.dll+0x71fd48]
V  [jvm.dll+0x321c14]
V  [jvm.dll+0x70112c]
V  [jvm.dll+0x392def]
V  [jvm.dll+0x394e61]
C  [jli.dll+0x524b]
C  [ucrtbase.dll+0x214c2]
C  [KERNEL32.DLL+0x17034]
C  [ntdll.dll+0x4d0d1]


---------------  P R O C E S S  ---------------

Threads class SMR info:
_java_thread_list=0x00007fffec133038, length=0, elements={
}

Java Threads: ( => current thread )

Other Threads:
  0x0000013b2aa85800 GCTaskThread "GC Thread#0" [stack: 0x0000000fa2c00000,0x0000000fa2d00000] [id=30776]
  0x0000013b2aaa8000 ConcurrentGCThread "G1 Main Marker" [stack: 0x0000000fa2d00000,0x0000000fa2e00000] [id=28880]
  0x0000013b2aaa9800 ConcurrentGCThread "G1 Conc#0" [stack: 0x0000000fa2e00000,0x0000000fa2f00000] [id=25228]

[error occurred during error reporting (printing all threads), id 0xc0000005, EXCEPTION_ACCESS_VIOLATION (0xc0000005) at pc=0x00007fffeb961257]

VM state:not at safepoint (not fully initialized)

VM Mutex/Monitor currently owned by a thread:  ([mutex/lock_event])
[0x0000013b2aa1ac90] Heap_lock - owner thread: 0x0000013b2aa1f800

Heap address: 0x0000000703600000, size: 4042 MB, Compressed Oops mode: Zero based, Oop shift amount: 3
Narrow klass base: 0x0000000000000000, Narrow klass shift: 0

GC Heap History (0 events):
No events

Deoptimization events (0 events):
No events

Classes unloaded (0 events):
No events

Classes redefined (0 events):
No events

Internal exceptions (0 events):
No events

Events (2 events):
Event: 0.006 Loaded shared library C:\Users\giorg_ow\.p2\pool\plugins\org.eclipse.justj.openjdk.hotspot.jre.full.win32.x86_64_14.0.2.v20200815-0932\jre\bin\java.dll
Event: 0.007 Loaded shared library C:\Users\giorg_ow\.p2\pool\plugins\org.eclipse.justj.openjdk.hotspot.jre.full.win32.x86_64_14.0.2.v20200815-0932\jre\bin\zip.dll


Dynamic libraries:
0x00007ff6c05e0000 - 0x00007ff6c05ed000 	C:\Users\giorg_ow\.p2\pool\plugins\org.eclipse.justj.openjdk.hotspot.jre.full.win32.x86_64_14.0.2.v20200815-0932\jre\bin\javaw.exe
0x00007ff857d10000 - 0x00007ff857f06000 	C:\WINDOWS\SYSTEM32\ntdll.dll
0x00007ff856570000 - 0x00007ff85662d000 	C:\WINDOWS\System32\KERNEL32.DLL
0x00007ff855940000 - 0x00007ff855c09000 	C:\WINDOWS\System32\KERNELBASE.dll
0x00007ff855c70000 - 0x00007ff855d70000 	C:\WINDOWS\System32\ucrtbase.dll
0x00007ff850c80000 - 0x00007ff850c98000 	C:\Users\giorg_ow\.p2\pool\plugins\org.eclipse.justj.openjdk.hotspot.jre.full.win32.x86_64_14.0.2.v20200815-0932\jre\bin\jli.dll
0x00007ff850bd0000 - 0x00007ff850be5000 	C:\Users\giorg_ow\.p2\pool\plugins\org.eclipse.justj.openjdk.hotspot.jre.full.win32.x86_64_14.0.2.v20200815-0932\jre\bin\VCRUNTIME140.dll
0x00007ff856290000 - 0x00007ff856430000 	C:\WINDOWS\System32\USER32.dll
0x00007ff855550000 - 0x00007ff855572000 	C:\WINDOWS\System32\win32u.dll
0x00007ff830640000 - 0x00007ff8308db000 	C:\WINDOWS\WinSxS\amd64_microsoft.windows.common-controls_6595b64144ccf1df_6.0.19041.488_none_ca04af081b815d21\COMCTL32.dll
0x00007ff857580000 - 0x00007ff8575aa000 	C:\WINDOWS\System32\GDI32.dll
0x00007ff855830000 - 0x00007ff855939000 	C:\WINDOWS\System32\gdi32full.dll
0x00007ff856140000 - 0x00007ff8561de000 	C:\WINDOWS\System32\msvcrt.dll
0x00007ff855580000 - 0x00007ff85561d000 	C:\WINDOWS\System32\msvcp_win.dll
0x00007ff855d70000 - 0x00007ff855da0000 	C:\WINDOWS\System32\IMM32.DLL
0x00007ff836830000 - 0x00007ff8368cb000 	C:\Users\giorg_ow\.p2\pool\plugins\org.eclipse.justj.openjdk.hotspot.jre.full.win32.x86_64_14.0.2.v20200815-0932\jre\bin\msvcp140.dll
0x00007fffeb6b0000 - 0x00007fffec1ce000 	C:\Users\giorg_ow\.p2\pool\plugins\org.eclipse.justj.openjdk.hotspot.jre.full.win32.x86_64_14.0.2.v20200815-0932\jre\bin\server\jvm.dll
0x00007ff8561e0000 - 0x00007ff85628c000 	C:\WINDOWS\System32\ADVAPI32.dll
0x00007ff856840000 - 0x00007ff8568dc000 	C:\WINDOWS\System32\sechost.dll
0x00007ff855da0000 - 0x00007ff855ecb000 	C:\WINDOWS\System32\RPCRT4.dll
0x00007ff856560000 - 0x00007ff856568000 	C:\WINDOWS\System32\PSAPI.DLL
0x00007ff833fd0000 - 0x00007ff833ff7000 	C:\WINDOWS\SYSTEM32\WINMM.dll
0x00007ff850e10000 - 0x00007ff850e19000 	C:\WINDOWS\SYSTEM32\WSOCK32.dll
0x00007ff84bc60000 - 0x00007ff84bc6a000 	C:\WINDOWS\SYSTEM32\VERSION.dll
0x00007ff8576e0000 - 0x00007ff85774b000 	C:\WINDOWS\System32\WS2_32.dll
0x00007ff853d60000 - 0x00007ff853d72000 	C:\WINDOWS\SYSTEM32\kernel.appcore.dll
0x00007ff852960000 - 0x00007ff85296a000 	C:\Users\giorg_ow\.p2\pool\plugins\org.eclipse.justj.openjdk.hotspot.jre.full.win32.x86_64_14.0.2.v20200815-0932\jre\bin\jimage.dll
0x00007ff8532a0000 - 0x00007ff853484000 	C:\WINDOWS\SYSTEM32\DBGHELP.DLL
0x00007ff838870000 - 0x00007ff83889c000 	C:\WINDOWS\SYSTEM32\dbgcore.DLL
0x00007ff855480000 - 0x00007ff855500000 	C:\WINDOWS\System32\bcryptPrimitives.dll
0x00007ff83ad90000 - 0x00007ff83adb5000 	C:\Users\giorg_ow\.p2\pool\plugins\org.eclipse.justj.openjdk.hotspot.jre.full.win32.x86_64_14.0.2.v20200815-0932\jre\bin\java.dll
0x00007ff83c8a0000 - 0x00007ff83c8b6000 	C:\Users\giorg_ow\.p2\pool\plugins\org.eclipse.justj.openjdk.hotspot.jre.full.win32.x86_64_14.0.2.v20200815-0932\jre\bin\zip.dll

dbghelp: loaded successfully - version: 4.0.5 - missing functions: none
symbol engine: initialized successfully - sym options: 0x614 - pdb path: .;C:\Users\giorg_ow\.p2\pool\plugins\org.eclipse.justj.openjdk.hotspot.jre.full.win32.x86_64_14.0.2.v20200815-0932\jre\bin;C:\WINDOWS\SYSTEM32;C:\WINDOWS\WinSxS\amd64_microsoft.windows.common-controls_6595b64144ccf1df_6.0.19041.488_none_ca04af081b815d21;C:\Users\giorg_ow\.p2\pool\plugins\org.eclipse.justj.openjdk.hotspot.jre.full.win32.x86_64_14.0.2.v20200815-0932\jre\bin\server

VM Arguments:
jvm_args: -Dfile.encoding=Cp1252 -XX:+ShowCodeDetailsInExceptionMessages 
java_command: progetto.sudoku.Application
java_class_path (initial): C:\Users\giorg_ow\OneDrive\Desktop\Progetti Eclipse\Sudoku\bin
Launcher Type: SUN_STANDARD

[Global flags]
     intx CICompilerCount                          = 4                                         {product} {ergonomic}
     uint ConcGCThreads                            = 2                                         {product} {ergonomic}
     uint G1ConcRefinementThreads                  = 8                                         {product} {ergonomic}
   size_t G1HeapRegionSize                         = 1048576                                   {product} {ergonomic}
    uintx GCDrainStackTargetSize                   = 64                                        {product} {ergonomic}
   size_t InitialHeapSize                          = 266338304                                 {product} {ergonomic}
   size_t MarkStackSize                            = 4194304                                   {product} {ergonomic}
   size_t MaxHeapSize                              = 4238344192                                {product} {ergonomic}
   size_t MinHeapDeltaBytes                        = 1048576                                   {product} {ergonomic}
   size_t MinHeapSize                              = 8388608                                   {product} {ergonomic}
    uintx NonNMethodCodeHeapSize                   = 5839372                                {pd product} {ergonomic}
    uintx NonProfiledCodeHeapSize                  = 122909434                              {pd product} {ergonomic}
    uintx ProfiledCodeHeapSize                     = 122909434                              {pd product} {ergonomic}
    uintx ReservedCodeCacheSize                    = 251658240                              {pd product} {ergonomic}
     bool SegmentedCodeCache                       = true                                      {product} {ergonomic}
     bool ShowCodeDetailsInExceptionMessages       = true                                   {manageable} {command line}
   size_t SoftMaxHeapSize                          = 4238344192                             {manageable} {ergonomic}
     bool UseCompressedClassPointers               = true                                 {lp64_product} {ergonomic}
     bool UseCompressedOops                        = true                                 {lp64_product} {ergonomic}
     bool UseG1GC                                  = true                                      {product} {ergonomic}
     bool UseLargePagesIndividualAllocation        = false                                  {pd product} {ergonomic}

Logging:
Log output configuration:
 #0: stdout all=warning uptime,level,tags
 #1: stderr all=off uptime,level,tags

Environment Variables:
JAVA_HOME=C:\Programmi\Java\jdk8u261
PATH=C:/Users/giorg_ow/.p2/pool/plugins/org.eclipse.justj.openjdk.hotspot.jre.full.win32.x86_64_15.0.1.v20201027-0507/jre/bin/server;C:/Users/giorg_ow/.p2/pool/plugins/org.eclipse.justj.openjdk.hotspot.jre.full.win32.x86_64_15.0.1.v20201027-0507/jre/bin;C:\Program Files\Common Files\Oracle\Java\javapath;C:\Program Files (x86)\Common Files\Oracle\Java\javapath;C:\windows\system32;C:\windows;C:\windows\System32\Wbem;C:\windows\System32\WindowsPowerShell\v1.0\;C:\windows\System32\OpenSSH\;C:\Program Files (x86)\NVIDIA Corporation\PhysX\Common;C:\Program Files\NVIDIA Corporation\NVIDIA NvDLISR;C:\WINDOWS\system32;C:\WINDOWS;C:\WINDOWS\System32\Wbem;C:\WINDOWS\System32\WindowsPowerShell\v1.0\;C:\WINDOWS\System32\OpenSSH\;C:\Users\giorg_ow\AppData\Local\Programs\AdoptOpenJDK\bin;C:\Users\giorg_ow\AppData\Local\Microsoft\WindowsApps;;C:\Users\giorg_ow\Desktop;
USERNAME=Giorgio
OS=Windows_NT
PROCESSOR_IDENTIFIER=Intel64 Family 6 Model 126 Stepping 5, GenuineIntel



---------------  S Y S T E M  ---------------

OS: Windows 10 , 64 bit Build 19041 (10.0.19041.662)
OS uptime: 5 days 9:13 hours

CPU:total 8 (initial active 8) (4 cores per cpu, 2 threads per core) family 6 model 126 stepping 5, cmov, cx8, fxsr, mmx, sse, sse2, sse3, ssse3, sse4.1, sse4.2, popcnt, avx, avx2, aes, clmul, erms, 3dnowpref, lzcnt, ht, tsc, tscinvbit, bmi1, bmi2, adx, evex, sha, fma

Memory: 4k page, system-wide physical 16161M (6020M free)
TotalPageFile size 46551M (AvailPageFile size 245M)
current process WorkingSet (physical memory assigned to process): 10M, peak: 10M
current process commit charge ("private bytes"): 60M, peak: 314M

vm_info: OpenJDK 64-Bit Server VM (14.0.2+12-46) for windows-amd64 JRE (14.0.2+12-46), built on Jul  9 2020 00:31:16 by "mach5one" with MS VC++ 15.9 (VS2017)

END.
